\BOOKMARK [1][-]{section*.2}{\376\377\000A\000b\000k\000\374\000r\000z\000u\000n\000g\000s\000v\000e\000r\000z\000e\000i\000c\000h\000n\000i\000s}{}% 1
\BOOKMARK [1][-]{section.1}{\376\377\000E\000i\000n\000l\000e\000i\000t\000u\000n\000g}{}% 2
\BOOKMARK [1][-]{section.2}{\376\377\000Z\000i\000e\000l\000\040\000d\000e\000r\000\040\000A\000r\000b\000e\000i\000t}{}% 3
\BOOKMARK [1][-]{section.3}{\376\377\000H\000a\000r\000d\000w\000a\000r\000e}{}% 4
\BOOKMARK [2][-]{subsection.3.1}{\376\377\000S\000c\000h\000a\000l\000t\000u\000n\000g\000s\000p\000r\000i\000n\000z\000i\000p}{section.3}% 5
\BOOKMARK [2][-]{subsection.3.2}{\376\377\000S\000T\000M\000i\000c\000r\000o\000e\000l\000e\000c\000t\000r\000o\000n\000i\000c\000s\000\040\000S\000T\000M\0003\0002\000F\0004\0004\0006\000Z\000E}{section.3}% 6
\BOOKMARK [2][-]{subsection.3.3}{\376\377\000M\000a\000x\000i\000m\000\040\000I\000n\000t\000e\000g\000r\000a\000t\000e\000d\000\040\000M\000A\000X\0001\0004\0009\0004\0005\000E\000W\000E\000+\000\040\000R\000S\0004\0008\0005\000\040\000T\000r\000e\000i\000b\000e\000r\000c\000h\000i\000p}{section.3}% 7
\BOOKMARK [2][-]{subsection.3.4}{\376\377\000E\000n\000c\000o\000d\000e\000r}{section.3}% 8
\BOOKMARK [2][-]{subsection.3.5}{\376\377\000L\000i\000q\000u\000i\000d\000\040\000C\000r\000y\000s\000t\000a\000l\000\040\000D\000i\000s\000p\000l\000a\000y\000\040\000\050\000L\000C\000D\000\051}{section.3}% 9
\BOOKMARK [2][-]{subsection.3.6}{\376\377\000L\000E\000D}{section.3}% 10
\BOOKMARK [2][-]{subsection.3.7}{\376\377\000S\000p\000a\000n\000n\000u\000n\000g\000s\000v\000e\000r\000s\000o\000r\000g\000u\000n\000g}{section.3}% 11
\BOOKMARK [2][-]{subsection.3.8}{\376\377\000A\000u\000t\000o\000d\000e\000s\000k\000\040\000E\000A\000G\000L\000E}{section.3}% 12
\BOOKMARK [2][-]{subsection.3.9}{\376\377\000P\000l\000a\000t\000i\000n\000e\000n\000d\000e\000s\000i\000g\000n}{section.3}% 13
\BOOKMARK [2][-]{subsection.3.10}{\376\377\000G\000e\000h\000\344\000u\000s\000e\000d\000e\000s\000i\000g\000n}{section.3}% 14
\BOOKMARK [1][-]{section.4}{\376\377\000S\000o\000f\000t\000w\000a\000r\000e}{}% 15
\BOOKMARK [2][-]{subsection.4.1}{\376\377\000H\000a\000r\000d\000w\000a\000r\000e\000a\000b\000s\000t\000r\000a\000k\000t\000i\000o\000n\000s\000s\000c\000h\000i\000c\000h\000t\000\040\000H\000A\000L\000\040\000\050\000H\000a\000r\000d\000w\000a\000r\000e\000\040\000A\000b\000s\000t\000r\000a\000c\000t\000i\000o\000n\000\040\000L\000a\000y\000e\000r\000\051}{section.4}% 16
\BOOKMARK [2][-]{subsection.4.2}{\376\377\000S\000T\000M\000i\000c\000r\000o\000e\000l\000e\000c\000t\000r\000o\000n\000i\000c\000s\000\040\000C\000u\000b\000e\000M\000X}{section.4}% 17
\BOOKMARK [2][-]{subsection.4.3}{\376\377\000S\000T\000M\000i\000c\000r\000o\000e\000l\000e\000c\000t\000r\000o\000n\000i\000c\000s\000\040\000S\000T\000M\0003\0002\000C\000u\000b\000e\000I\000D\000E}{section.4}% 18
\BOOKMARK [2][-]{subsection.4.4}{\376\377\000T\000a\000s\000t\000e\000r}{section.4}% 19
\BOOKMARK [2][-]{subsection.4.5}{\376\377\000E\000n\000c\000o\000d\000e\000r}{section.4}% 20
\BOOKMARK [2][-]{subsection.4.6}{\376\377\000D\000M\000X\000-\000S\000t\000r\000u\000k\000t\000u\000r}{section.4}% 21
\BOOKMARK [2][-]{subsection.4.7}{\376\377\000A\000u\000f\000n\000a\000h\000m\000e\000f\000u\000n\000k\000t\000i\000o\000n\000e\000n}{section.4}% 22
\BOOKMARK [3][-]{subsubsection.4.7.1}{\376\377\000F\000e\000s\000t\000l\000e\000g\000e\000n\000\040\000d\000e\000r\000\040\000A\000u\000f\000n\000a\000h\000m\000e\000z\000e\000i\000t}{subsection.4.7}% 23
\BOOKMARK [3][-]{subsubsection.4.7.2}{\376\377\000F\000e\000s\000t\000l\000e\000g\000e\000n\000\040\000d\000e\000s\000\040\000D\000a\000t\000e\000i\000n\000a\000m\000e\000n\000s}{subsection.4.7}% 24
\BOOKMARK [3][-]{subsubsection.4.7.3}{\376\377\000A\000u\000f\000n\000a\000h\000m\000e\000\040\000e\000i\000n\000e\000s\000\040\000D\000M\000X\000-\000D\000a\000t\000e\000n\000p\000a\000k\000e\000t\000e\000s}{subsection.4.7}% 25
\BOOKMARK [3][-]{subsubsection.4.7.4}{\376\377\000S\000p\000e\000i\000c\000h\000e\000r\000u\000n\000g\000\040\000d\000e\000r\000\040\000A\000u\000f\000n\000a\000h\000m\000e\000d\000a\000t\000e\000n}{subsection.4.7}% 26
\BOOKMARK [2][-]{subsection.4.8}{\376\377\000W\000i\000e\000d\000e\000r\000g\000a\000b\000e\000f\000u\000n\000k\000t\000i\000o\000n}{section.4}% 27
\BOOKMARK [3][-]{subsubsection.4.8.1}{\376\377\000A\000u\000s\000w\000a\000h\000l\000\040\000d\000e\000r\000\040\000A\000u\000f\000n\000a\000h\000m\000e\000d\000a\000t\000e\000i}{subsection.4.8}% 28
\BOOKMARK [3][-]{subsubsection.4.8.2}{\376\377\000W\000i\000e\000d\000e\000r\000g\000a\000b\000e\000\040\000e\000i\000n\000e\000r\000\040\000k\000o\000n\000t\000i\000n\000u\000i\000e\000r\000l\000i\000c\000h\000e\000n\000\040\000A\000u\000f\000n\000a\000h\000m\000e}{subsection.4.8}% 29
\BOOKMARK [3][-]{subsubsection.4.8.3}{\376\377\000A\000u\000s\000g\000a\000b\000e\000\040\000e\000i\000n\000e\000s\000\040\000D\000M\000X\000-\000D\000a\000t\000e\000n\000p\000a\000k\000e\000t\000e\000s}{subsection.4.8}% 30
\BOOKMARK [2][-]{subsection.4.9}{\376\377\000L\000C\000D}{section.4}% 31
\BOOKMARK [2][-]{subsection.4.10}{\376\377\000S\000D\000-\000K\000a\000r\000t\000e\000\040\000\050\000S\000D\000I\000O\000-\000S\000c\000h\000n\000i\000t\000t\000s\000t\000e\000l\000l\000e\000\051}{section.4}% 32
\BOOKMARK [2][-]{subsection.4.11}{\376\377\000M\000e\000n\000\374}{section.4}% 33
\BOOKMARK [2][-]{subsection.4.12}{\376\377\000E\000i\000n\000s\000t\000e\000l\000l\000u\000n\000g\000e\000n}{section.4}% 34
\BOOKMARK [3][-]{subsubsection.4.12.1}{\376\377\000L\000C\000D\000-\000K\000o\000n\000t\000r\000a\000s\000t\000\040\000\046\000\040\000L\000E\000D\000-\000H\000e\000l\000l\000i\000g\000k\000e\000i\000t}{subsection.4.12}% 35
\BOOKMARK [3][-]{subsubsection.4.12.2}{\376\377\000N\000P\000C\000\040\000\344\000n\000d\000e\000r\000n}{subsection.4.12}% 36
\BOOKMARK [3][-]{subsubsection.4.12.3}{\376\377\000T\000r\000i\000g\000g\000e\000r}{subsection.4.12}% 37
\BOOKMARK [3][-]{subsubsection.4.12.4}{\376\377\000A\000u\000f\000n\000a\000h\000m\000e\000\040\000l\000\366\000s\000c\000h\000e\000n}{subsection.4.12}% 38
\BOOKMARK [1][-]{section.5}{\376\377\000Z\000u\000s\000a\000m\000m\000e\000n\000f\000a\000s\000s\000u\000n\000g}{}% 39
\BOOKMARK [1][-]{section*.3}{\376\377\000D\000a\000n\000k\000s\000a\000g\000u\000n\000g}{}% 40
\BOOKMARK [1][-]{section*.3}{\376\377\000L\000i\000t\000e\000r\000a\000t\000u\000r\000v\000e\000r\000z\000e\000i\000c\000h\000n\000i\000s}{}% 41
\BOOKMARK [1][-]{section*.4}{\376\377\000A\000b\000b\000i\000l\000d\000u\000n\000g\000s\000v\000e\000r\000z\000e\000i\000c\000h\000n\000i\000s}{}% 42
\BOOKMARK [1][-]{section*.5}{\376\377\000C\000o\000d\000e\000a\000u\000s\000s\000c\000h\000n\000i\000t\000t\000s\000v\000e\000r\000z\000e\000i\000c\000h\000n\000i\000s}{}% 43
\BOOKMARK [1][-]{appendix.A}{\376\377\000F\000l\000u\000s\000s\000d\000i\000a\000g\000r\000a\000m\000m\000e}{}% 44
\BOOKMARK [2][-]{subsection.A.1}{\376\377\000A\000u\000f\000n\000a\000h\000m\000e\000f\000u\000n\000k\000t\000i\000o\000n}{appendix.A}% 45
\BOOKMARK [2][-]{subsection.A.2}{\376\377\000W\000i\000e\000d\000e\000r\000g\000a\000b\000e\000f\000u\000n\000k\000t\000i\000o\000n}{appendix.A}% 46
\BOOKMARK [2][-]{subsection.A.3}{\376\377\000S\000t\000a\000n\000d\000a\000r\000d\000\040\000W\000i\000e\000d\000e\000r\000g\000a\000b\000e}{appendix.A}% 47
\BOOKMARK [1][-]{appendix.B}{\376\377\000I\000n\000h\000a\000l\000t\000\040\000C\000D\000-\000R\000O\000M}{}% 48
